{"/home/technogetic/technogetic-iron-smart-ui/src/components/Switch/Switch.tsx": {"path":"/home/technogetic/technogetic-iron-smart-ui/src/components/Switch/Switch.tsx","statementMap":{"0":{"start":{"line":10,"column":60},"end":{"line":13,"column":1}},"1":{"start":{"line":11,"column":50},"end":{"line":11,"column":55}},"2":{"start":{"line":12,"column":4},"end":{"line":12,"column":124}}},"fnMap":{"0":{"name":"(anonymous_0)","decl":{"start":{"line":10,"column":60},"end":{"line":10,"column":61}},"loc":{"start":{"line":10,"column":71},"end":{"line":13,"column":1}},"line":10}},"branchMap":{},"s":{"0":1,"1":1,"2":1},"f":{"0":1},"b":{},"_coverageSchema":"1a1c01bbd47fc00a2c39e90264f33305004495a9","hash":"bd6428dc9990cc6c8c78686615705e5512b90ce5"}
}
